{
  "RSpec": {
    "coverage": {
      "/Users/nikita/my_ruby/chat/app/models/user.rb": {
        "lines": [
          1,
          1,
          1,
          null,
          null,
          null,
          null,
          1,
          null,
          null
        ]
      },
      "/Users/nikita/my_ruby/chat/app/models/application_record.rb": {
        "lines": [
          1,
          1,
          null
        ]
      },
      "/Users/nikita/my_ruby/chat/app/helpers/application_helper.rb": {
        "lines": [
          1,
          null
        ]
      },
      "/Users/nikita/my_ruby/chat/app/helpers/dialogues_helper.rb": {
        "lines": [
          1,
          null
        ]
      },
      "/Users/nikita/my_ruby/chat/app/helpers/messages_helper.rb": {
        "lines": [
          1,
          null
        ]
      },
      "/Users/nikita/my_ruby/chat/app/helpers/pages_helper.rb": {
        "lines": [
          1,
          null
        ]
      },
      "/Users/nikita/my_ruby/chat/app/helpers/users_helper.rb": {
        "lines": [
          1,
          null
        ]
      },
      "/Users/nikita/my_ruby/chat/app/channels/dialogue_channel.rb": {
        "lines": [
          1,
          1,
          null,
          null,
          null,
          null,
          null,
          null,
          null,
          null,
          null,
          null,
          null,
          null,
          1,
          null,
          null,
          null
        ]
      },
      "/Users/nikita/my_ruby/chat/app/channels/application_cable/channel.rb": {
        "lines": [
          1,
          1,
          null,
          null
        ]
      },
      "/Users/nikita/my_ruby/chat/app/models/dialogue.rb": {
        "lines": [
          1,
          1,
          1,
          1,
          null,
          1,
          null,
          1,
          3,
          null,
          null,
          null
        ]
      },
      "/Users/nikita/my_ruby/chat/app/models/message.rb": {
        "lines": [
          1,
          1,
          1,
          1,
          null,
          1,
          null,
          1,
          1,
          1,
          null,
          8,
          null
        ]
      },
      "/Users/nikita/my_ruby/chat/app/controllers/dialogues_controller.rb": {
        "lines": [
          1,
          1,
          1,
          null,
          1,
          21,
          21,
          0,
          null,
          null,
          null,
          1,
          7,
          7,
          7,
          7,
          null,
          7,
          6,
          null,
          1,
          null,
          null,
          null,
          1,
          2,
          2,
          1,
          null,
          1,
          null,
          null,
          2,
          2,
          null,
          null,
          null,
          1,
          2,
          null,
          2,
          2,
          2,
          null,
          null,
          null,
          1,
          4,
          null,
          null,
          4,
          1,
          null,
          3,
          3,
          null,
          3,
          3,
          null,
          0,
          null,
          null,
          null,
          null,
          1,
          2,
          2,
          null,
          2,
          2,
          null,
          null,
          null,
          1,
          null,
          1,
          0,
          null,
          null,
          1,
          38,
          38,
          38,
          20,
          20,
          null,
          null,
          null,
          null
        ]
      },
      "/Users/nikita/my_ruby/chat/app/controllers/application_controller.rb": {
        "lines": [
          1,
          null,
          null,
          null,
          null,
          null,
          null,
          null,
          null
        ]
      },
      "/Users/nikita/my_ruby/chat/app/controllers/messages_controller.rb": {
        "lines": [
          1,
          1,
          1,
          null,
          1,
          8,
          null,
          null,
          null,
          null,
          null,
          null,
          1,
          1,
          1,
          1,
          null,
          1,
          0,
          0,
          null,
          0,
          0,
          null,
          null,
          null,
          null,
          null,
          null,
          null,
          1,
          0,
          0,
          null,
          0,
          null,
          null,
          0,
          null,
          null,
          null,
          null,
          1,
          0,
          0,
          0,
          null,
          null,
          1,
          null,
          1,
          1,
          null,
          null,
          1,
          9,
          null,
          null,
          1,
          9,
          9,
          9,
          9,
          9,
          null,
          null,
          null,
          null
        ]
      },
      "/Users/nikita/my_ruby/chat/app/controllers/pages_controller.rb": {
        "lines": [
          1,
          1,
          null,
          null,
          1,
          null,
          null
        ]
      },
      "/Users/nikita/my_ruby/chat/app/controllers/users_controller.rb": {
        "lines": [
          1,
          1,
          7,
          6,
          6,
          6,
          null,
          6,
          1,
          1,
          1,
          null,
          null,
          null,
          null
        ]
      },
      "/Users/nikita/my_ruby/chat/app/controllers/users/registrations_controller.rb": {
        "lines": [
          null,
          null,
          1,
          1,
          null,
          null,
          null,
          null,
          null,
          null,
          null,
          null,
          1,
          1,
          1,
          1,
          1,
          null,
          null,
          null,
          null,
          null,
          null,
          null,
          null,
          null,
          null,
          null,
          null,
          null,
          null,
          null,
          null,
          null,
          null,
          null,
          null,
          null,
          null,
          null,
          null,
          null,
          null,
          null,
          null,
          null,
          null,
          1,
          1,
          null,
          null,
          null,
          null,
          null,
          null,
          null,
          null,
          null,
          null,
          null,
          null,
          null,
          null,
          null,
          null,
          null
        ]
      },
      "/Users/nikita/my_ruby/chat/app/channels/application_cable/connection.rb": {
        "lines": [
          0,
          0,
          0,
          0
        ],
        "branches": {
        }
      },
      "/Users/nikita/my_ruby/chat/app/jobs/application_job.rb": {
        "lines": [
          0,
          null,
          null,
          null,
          null,
          null,
          0
        ],
        "branches": {
        }
      },
      "/Users/nikita/my_ruby/chat/app/mailers/application_mailer.rb": {
        "lines": [
          0,
          0,
          0,
          0
        ],
        "branches": {
        }
      }
    },
    "timestamp": 1726838339
  }
}
