<?xml version='1.0'?> 
<!DOCTYPE coverage SYSTEM "http://cobertura.sourceforge.net/xml/coverage-04.dtd">
<!-- Generated by simplecov-cobertura version 2.1.0 (https://github.com/dashingrocket/simplecov-cobertura) -->
<coverage line-rate="0.87" lines-covered="135" lines-valid="156" complexity="0" version="0" timestamp="1724756234">
  <sources>
    <source>/Users/nikita/my_ruby/chat</source>
  </sources>
  <packages>
    <package name="Controllers" line-rate="0.91" complexity="0">
      <classes>
        <class name="application_controller" filename="app/controllers/application_controller.rb" line-rate="1.0" complexity="0">
          <methods/>
          <lines>
            <line number="1" hits="1"/>
          </lines>
        </class>
        <class name="dialogues_controller" filename="app/controllers/dialogues_controller.rb" line-rate="0.94" complexity="0">
          <methods/>
          <lines>
            <line number="1" hits="1"/>
            <line number="2" hits="1"/>
            <line number="3" hits="1"/>
            <line number="5" hits="1"/>
            <line number="6" hits="17"/>
            <line number="7" hits="17"/>
            <line number="8" hits="0"/>
            <line number="12" hits="1"/>
            <line number="13" hits="4"/>
            <line number="14" hits="4"/>
            <line number="15" hits="4"/>
            <line number="16" hits="4"/>
            <line number="18" hits="4"/>
            <line number="19" hits="3"/>
            <line number="21" hits="1"/>
            <line number="25" hits="1"/>
            <line number="26" hits="2"/>
            <line number="27" hits="2"/>
            <line number="28" hits="1"/>
            <line number="30" hits="1"/>
            <line number="33" hits="2"/>
            <line number="34" hits="2"/>
            <line number="38" hits="1"/>
            <line number="39" hits="1"/>
            <line number="41" hits="1"/>
            <line number="42" hits="1"/>
            <line number="43" hits="1"/>
            <line number="47" hits="1"/>
            <line number="48" hits="2"/>
            <line number="51" hits="2"/>
            <line number="52" hits="1"/>
            <line number="54" hits="1"/>
            <line number="55" hits="1"/>
            <line number="57" hits="1"/>
            <line number="58" hits="1"/>
            <line number="60" hits="0"/>
            <line number="65" hits="1"/>
            <line number="66" hits="1"/>
            <line number="67" hits="1"/>
            <line number="69" hits="1"/>
            <line number="70" hits="1"/>
            <line number="74" hits="1"/>
            <line number="76" hits="1"/>
            <line number="77" hits="0"/>
            <line number="80" hits="1"/>
            <line number="81" hits="27"/>
            <line number="82" hits="27"/>
            <line number="83" hits="27"/>
            <line number="84" hits="16"/>
            <line number="85" hits="16"/>
          </lines>
        </class>
        <class name="messages_controller" filename="app/controllers/messages_controller.rb" line-rate="1.0" complexity="0">
          <methods/>
          <lines>
            <line number="1" hits="1"/>
            <line number="2" hits="1"/>
            <line number="3" hits="1"/>
            <line number="5" hits="1"/>
            <line number="6" hits="6"/>
            <line number="13" hits="1"/>
            <line number="14" hits="3"/>
            <line number="15" hits="3"/>
            <line number="16" hits="3"/>
            <line number="18" hits="3"/>
            <line number="19" hits="2"/>
            <line number="20" hits="2"/>
            <line number="22" hits="1"/>
            <line number="23" hits="1"/>
            <line number="31" hits="1"/>
            <line number="32" hits="2"/>
            <line number="33" hits="2"/>
            <line number="35" hits="1"/>
            <line number="38" hits="1"/>
            <line number="43" hits="1"/>
            <line number="44" hits="1"/>
            <line number="45" hits="1"/>
            <line number="46" hits="1"/>
            <line number="49" hits="1"/>
            <line number="51" hits="1"/>
            <line number="52" hits="5"/>
            <line number="55" hits="1"/>
            <line number="56" hits="18"/>
            <line number="59" hits="1"/>
            <line number="60" hits="12"/>
            <line number="61" hits="12"/>
            <line number="62" hits="12"/>
            <line number="63" hits="12"/>
            <line number="64" hits="12"/>
          </lines>
        </class>
        <class name="pages_controller" filename="app/controllers/pages_controller.rb" line-rate="1.0" complexity="0">
          <methods/>
          <lines>
            <line number="1" hits="1"/>
            <line number="2" hits="1"/>
            <line number="5" hits="1"/>
            <line number="8" hits="1"/>
          </lines>
        </class>
        <class name="pin_dialogue_controller" filename="app/controllers/pin_dialogue_controller.rb" line-rate="0.0" complexity="0">
          <methods/>
          <lines>
            <line number="1" hits="0"/>
            <line number="2" hits="0"/>
            <line number="3" hits="0"/>
            <line number="4" hits="0"/>
            <line number="5" hits="0"/>
            <line number="6" hits="0"/>
            <line number="7" hits="0"/>
            <line number="8" hits="0"/>
          </lines>
        </class>
        <class name="registrations_controller" filename="app/controllers/users/registrations_controller.rb" line-rate="1.0" complexity="0">
          <methods/>
          <lines>
            <line number="3" hits="1"/>
            <line number="4" hits="1"/>
            <line number="13" hits="1"/>
            <line number="14" hits="1"/>
            <line number="15" hits="1"/>
            <line number="16" hits="1"/>
            <line number="17" hits="1"/>
            <line number="48" hits="1"/>
            <line number="49" hits="1"/>
          </lines>
        </class>
        <class name="users_controller" filename="app/controllers/users_controller.rb" line-rate="1.0" complexity="0">
          <methods/>
          <lines>
            <line number="1" hits="1"/>
            <line number="2" hits="1"/>
            <line number="3" hits="3"/>
            <line number="4" hits="3"/>
            <line number="5" hits="3"/>
            <line number="6" hits="3"/>
            <line number="8" hits="3"/>
            <line number="9" hits="3"/>
            <line number="10" hits="3"/>
            <line number="11" hits="3"/>
          </lines>
        </class>
      </classes>
    </package>
    <package name="Channels" line-rate="0.56" complexity="0">
      <classes>
        <class name="channel" filename="app/channels/application_cable/channel.rb" line-rate="1.0" complexity="0">
          <methods/>
          <lines>
            <line number="1" hits="1"/>
            <line number="2" hits="1"/>
          </lines>
        </class>
        <class name="connection" filename="app/channels/application_cable/connection.rb" line-rate="0.0" complexity="0">
          <methods/>
          <lines>
            <line number="1" hits="0"/>
            <line number="2" hits="0"/>
            <line number="3" hits="0"/>
            <line number="4" hits="0"/>
          </lines>
        </class>
        <class name="dialogue_channel" filename="app/channels/dialogue_channel.rb" line-rate="1.0" complexity="0">
          <methods/>
          <lines>
            <line number="1" hits="1"/>
            <line number="2" hits="1"/>
            <line number="15" hits="1"/>
          </lines>
        </class>
      </classes>
    </package>
    <package name="Models" line-rate="1.0" complexity="0">
      <classes>
        <class name="application_record" filename="app/models/application_record.rb" line-rate="1.0" complexity="0">
          <methods/>
          <lines>
            <line number="1" hits="1"/>
            <line number="2" hits="1"/>
          </lines>
        </class>
        <class name="dialogue" filename="app/models/dialogue.rb" line-rate="1.0" complexity="0">
          <methods/>
          <lines>
            <line number="1" hits="1"/>
            <line number="2" hits="1"/>
            <line number="3" hits="1"/>
            <line number="4" hits="1"/>
            <line number="6" hits="1"/>
            <line number="8" hits="1"/>
            <line number="9" hits="3"/>
          </lines>
        </class>
        <class name="message" filename="app/models/message.rb" line-rate="1.0" complexity="0">
          <methods/>
          <lines>
            <line number="1" hits="1"/>
            <line number="2" hits="1"/>
            <line number="3" hits="1"/>
            <line number="5" hits="1"/>
            <line number="6" hits="1"/>
            <line number="7" hits="1"/>
            <line number="9" hits="10"/>
          </lines>
        </class>
        <class name="user" filename="app/models/user.rb" line-rate="1.0" complexity="0">
          <methods/>
          <lines>
            <line number="1" hits="1"/>
            <line number="2" hits="1"/>
            <line number="3" hits="1"/>
            <line number="8" hits="1"/>
          </lines>
        </class>
      </classes>
    </package>
    <package name="Mailers" line-rate="0.0" complexity="0">
      <classes>
        <class name="application_mailer" filename="app/mailers/application_mailer.rb" line-rate="0.0" complexity="0">
          <methods/>
          <lines>
            <line number="1" hits="0"/>
            <line number="2" hits="0"/>
            <line number="3" hits="0"/>
            <line number="4" hits="0"/>
          </lines>
        </class>
      </classes>
    </package>
    <package name="Helpers" line-rate="1.0" complexity="0">
      <classes>
        <class name="application_helper" filename="app/helpers/application_helper.rb" line-rate="1.0" complexity="0">
          <methods/>
          <lines>
            <line number="1" hits="1"/>
          </lines>
        </class>
        <class name="dialogues_helper" filename="app/helpers/dialogues_helper.rb" line-rate="1.0" complexity="0">
          <methods/>
          <lines>
            <line number="1" hits="1"/>
          </lines>
        </class>
        <class name="messages_helper" filename="app/helpers/messages_helper.rb" line-rate="1.0" complexity="0">
          <methods/>
          <lines>
            <line number="1" hits="1"/>
          </lines>
        </class>
        <class name="pages_helper" filename="app/helpers/pages_helper.rb" line-rate="1.0" complexity="0">
          <methods/>
          <lines>
            <line number="1" hits="1"/>
          </lines>
        </class>
        <class name="users_helper" filename="app/helpers/users_helper.rb" line-rate="1.0" complexity="0">
          <methods/>
          <lines>
            <line number="1" hits="1"/>
          </lines>
        </class>
      </classes>
    </package>
    <package name="Jobs" line-rate="0.0" complexity="0">
      <classes>
        <class name="application_job" filename="app/jobs/application_job.rb" line-rate="0.0" complexity="0">
          <methods/>
          <lines>
            <line number="1" hits="0"/>
            <line number="7" hits="0"/>
          </lines>
        </class>
      </classes>
    </package>
  </packages>
</coverage>